<?xml version="1.0" encoding="UTF-8"?>
<!-- Generated by org.testng.reporters.JUnitXMLReporter -->
<testsuite ignored="0" hostname="LAPTOP-UITVM2L2" failures="1" tests="2" name="LoginModule" time="7.299" errors="0" timestamp="2025-01-09T22:53:24 IST">
  <testcase classname="testCases.loginModule" name="Login_Tc002" time="0.003">
    <failure type="java.lang.AssertionError" message="null">
      <![CDATA[java.lang.AssertionError: null
at testCases.loginModule.Login_Tc002(loginModule.java:35)
at java.base/java.util.ArrayList.forEach(ArrayList.java:1597)
... Removed 27 stack frames]]>
    </failure>
  </testcase> <!-- Login_Tc002 -->
  <testcase classname="testCases.loginModule" name="loginEasyEcom_Tc001" time="2.011"/>
</testsuite> <!-- LoginModule -->
