<?xml version="1.0" encoding="UTF-8"?>
<!-- Generated by org.testng.reporters.JUnitXMLReporter -->
<testsuite ignored="0" hostname="LAPTOP-UITVM2L2" failures="1" tests="2" name="OrdersModule" time="7.881" errors="0" timestamp="2025-01-09T22:53:17 IST">
  <testcase classname="testCases.OrdersModule" name="Order_Tc001" time="0.025"/>
  <testcase classname="testCases.OrdersModule" name="Order_Tc002" time="0.012">
    <failure type="java.lang.AssertionError" message="null">
      <![CDATA[java.lang.AssertionError: null
at testCases.OrdersModule.Order_Tc002(OrdersModule.java:30)
at java.base/java.util.ArrayList.forEach(ArrayList.java:1597)
... Removed 27 stack frames]]>
    </failure>
  </testcase> <!-- Order_Tc002 -->
</testsuite> <!-- OrdersModule -->
