<?xml version="1.0" encoding="UTF-8"?>
<!-- Generated by org.testng.reporters.JUnitXMLReporter -->
<testsuite ignored="0" hostname="LAPTOP-UITVM2L2" failures="1" tests="1" name="Test" time="8.763" errors="0" timestamp="2025-01-14T19:00:01 IST">
  <testcase classname="testCases.OrdersModule" name="createRetailOrder_Tc001" time="0.06">
    <failure type="java.lang.NullPointerException" message="Cannot invoke &amp;quot;java.util.Properties.getProperty(String)&amp;quot; because &amp;quot;this.p&amp;quot; is null">
      <![CDATA[java.lang.NullPointerException: Cannot invoke "java.util.Properties.getProperty(String)" because "this.p" is null
at testCases.LoginModule.loginEasyEcom_Tc001(LoginModule.java:16)
at testCases.OrdersModule.createRetailOrder_Tc001(OrdersModule.java:16)
at java.base/java.util.ArrayList.forEach(ArrayList.java:1597)
... Removed 25 stack frames]]>
    </failure>
  </testcase> <!-- createRetailOrder_Tc001 -->
</testsuite> <!-- Test -->
