<?xml version="1.0" encoding="UTF-8"?>
<!-- Generated by org.testng.reporters.JUnitXMLReporter -->
<testsuite ignored="0" hostname="LAPTOP-UITVM2L2" failures="0" tests="5" name="Default test" time="210.269" errors="0" timestamp="2025-01-30T01:33:16 IST">
  <testcase classname="testCases.RetailOrdersModule" name="B2C_001" time="25.887"/>
  <testcase classname="testCases.RetailOrdersModule" name="B2C_002" time="30.319"/>
  <testcase classname="testCases.RetailOrdersModule" name="B2C_003" time="40.103"/>
  <testcase classname="testCases.RetailOrdersModule" name="B2C_004" time="49.81"/>
  <testcase classname="testCases.RetailOrdersModule" name="B2C_005" time="60.207"/>
</testsuite> <!-- Default test -->
