<?xml version="1.0" encoding="UTF-8"?>
<!-- Generated by org.testng.reporters.JUnitXMLReporter -->
<testsuite ignored="3" hostname="LAPTOP-UITVM2L2" failures="0" tests="1" name="Default test" time="35.689" errors="0" timestamp="2025-01-29T23:35:13 IST">
  <testcase classname="testCases.RetailOrdersModule" name="B2C_004" time="30.471"/>
  <testcase classname="testCases.RetailOrdersModule" name="B2C_003" time="0.0">
    <ignored/>
  </testcase> <!-- B2C_003 -->
  <testcase classname="testCases.RetailOrdersModule" name="B2C_002" time="0.0">
    <ignored/>
  </testcase> <!-- B2C_002 -->
  <testcase classname="testCases.RetailOrdersModule" name="B2C_001" time="0.0">
    <ignored/>
  </testcase> <!-- B2C_001 -->
</testsuite> <!-- Default test -->
