<?xml version="1.0" encoding="UTF-8"?>
<!-- Generated by org.testng.reporters.JUnitXMLReporter -->
<testsuite ignored="0" hostname="LAPTOP-UITVM2L2" failures="0" tests="9" name="Default test" time="217.736" errors="0" timestamp="2025-02-05T00:53:15 IST">
  <testcase classname="testCases.RetailOrdersModule" name="B2C_001" time="28.258"/>
  <testcase classname="testCases.RetailOrdersModule" name="B2C_002" time="22.296"/>
  <testcase classname="testCases.RetailOrdersModule" name="B2C_003" time="21.648"/>
  <testcase classname="testCases.RetailOrdersModule" name="B2C_004" time="21.591"/>
  <testcase classname="testCases.RetailOrdersModule" name="B2C_005" time="21.741"/>
  <testcase classname="testCases.RetailOrdersModule" name="B2C_006" time="22.443"/>
  <testcase classname="testCases.RetailOrdersModule" name="B2C_007" time="24.367"/>
  <testcase classname="testCases.RetailOrdersModule" name="B2C_008" time="25.662"/>
  <testcase classname="testCases.RetailOrdersModule" name="B2C_009" time="25.152"/>
</testsuite> <!-- Default test -->
