<?xml version="1.0" encoding="UTF-8"?>
<!-- Generated by org.testng.reporters.JUnitXMLReporter -->
<testsuite ignored="8" hostname="LAPTOP-UITVM2L2" failures="0" tests="1" name="Default test" time="40.027" errors="0" timestamp="2025-02-05T00:19:40 IST">
  <testcase classname="testCases.RetailOrdersModule" name="B2C_009" time="34.32"/>
  <testcase classname="testCases.RetailOrdersModule" name="B2C_003" time="0.0">
    <ignored/>
  </testcase> <!-- B2C_003 -->
  <testcase classname="testCases.RetailOrdersModule" name="B2C_005" time="0.0">
    <ignored/>
  </testcase> <!-- B2C_005 -->
  <testcase classname="testCases.RetailOrdersModule" name="B2C_002" time="0.0">
    <ignored/>
  </testcase> <!-- B2C_002 -->
  <testcase classname="testCases.RetailOrdersModule" name="B2C_001" time="0.0">
    <ignored/>
  </testcase> <!-- B2C_001 -->
  <testcase classname="testCases.RetailOrdersModule" name="B2C_008" time="0.0">
    <ignored/>
  </testcase> <!-- B2C_008 -->
  <testcase classname="testCases.RetailOrdersModule" name="B2C_007" time="0.0">
    <ignored/>
  </testcase> <!-- B2C_007 -->
  <testcase classname="testCases.RetailOrdersModule" name="B2C_004" time="0.0">
    <ignored/>
  </testcase> <!-- B2C_004 -->
  <testcase classname="testCases.RetailOrdersModule" name="B2C_006" time="0.0">
    <ignored/>
  </testcase> <!-- B2C_006 -->
</testsuite> <!-- Default test -->
